[debug] [2021-03-20T12:07:06.003Z] ----------------------------------------------------------------------
[debug] [2021-03-20T12:07:06.007Z] Command:       C:\Program Files\nodejs\node.exe C:\Users\SDG\AppData\Roaming\npm\node_modules\firebase-tools\lib\bin\firebase.js init
[debug] [2021-03-20T12:07:06.008Z] CLI Version:   9.6.1
[debug] [2021-03-20T12:07:06.008Z] Platform:      win32
[debug] [2021-03-20T12:07:06.008Z] Node Version:  v14.16.0
[debug] [2021-03-20T12:07:06.010Z] Time:          Sat Mar 20 2021 05:07:06 GMT-0700 (Pacific Daylight Time)
[debug] [2021-03-20T12:07:06.010Z] ----------------------------------------------------------------------
[debug] [2021-03-20T12:07:06.011Z] 
[debug] [2021-03-20T12:07:06.019Z] >>> [apiv2][query] GET https://firebase-public.firebaseio.com/cli.json [none]
[debug] [2021-03-20T12:07:06.074Z] > command requires scopes: ["email","openid","https://www.googleapis.com/auth/cloudplatformprojects.readonly","https://www.googleapis.com/auth/firebase","https://www.googleapis.com/auth/cloud-platform"]
[debug] [2021-03-20T12:07:06.075Z] > authorizing via signed-in user
[info] 
     ######## #### ########  ######## ########     ###     ######  ########
     ##        ##  ##     ## ##       ##     ##  ##   ##  ##       ##
     ######    ##  ########  ######   ########  #########  ######  ######
     ##        ##  ##    ##  ##       ##     ## ##     ##       ## ##
     ##       #### ##     ## ######## ########  ##     ##  ######  ########

You're about to initialize a Firebase project in this directory:

  E:\webdevelopment\projects\assignment-9

[debug] [2021-03-20T12:07:07.210Z] <<< [apiv2][status] GET https://firebase-public.firebaseio.com/cli.json 200
[debug] [2021-03-20T12:07:07.211Z] <<< [apiv2][body] GET https://firebase-public.firebaseio.com/cli.json {"cloudBuildErrorAfter":1594252800000,"cloudBuildWarnAfter":1590019200000,"defaultNode10After":1594252800000,"minVersion":"3.0.5","node8DeploysDisabledAfter":1613390400000,"node8RuntimeDisabledAfter":1615809600000,"node8WarnAfter":1600128000000}
[info] 
=== Project Setup
[info] 
[info] First, let's associate this project directory with a Firebase project.
[info] You can create multiple project aliases by running firebase use --add, 
[info] but for now we'll just set up a default project.
[info] 
[debug] [2021-03-20T12:08:31.200Z] > refreshing access token with scopes: []
[debug] [2021-03-20T12:08:31.201Z] >>> HTTP REQUEST POST https://www.googleapis.com/oauth2/v3/token  
 <request body omitted>
[debug] [2021-03-20T12:08:31.630Z] <<< HTTP RESPONSE 200 {"cache-control":"no-cache, no-store, max-age=0, must-revalidate","pragma":"no-cache","date":"Sat, 20 Mar 2021 12:08:31 GMT","expires":"Mon, 01 Jan 1990 00:00:00 GMT","content-type":"application/json; charset=utf-8","vary":"X-Origin, Referer, Origin,Accept-Encoding","server":"scaffolding on HTTPServer2","x-xss-protection":"0","x-frame-options":"SAMEORIGIN","x-content-type-options":"nosniff","alt-svc":"h3-29=\":443\"; ma=2592000,h3-T051=\":443\"; ma=2592000,h3-Q050=\":443\"; ma=2592000,h3-Q046=\":443\"; ma=2592000,h3-Q043=\":443\"; ma=2592000,quic=\":443\"; ma=2592000; v=\"46,43\"","accept-ranges":"none","transfer-encoding":"chunked"}
[debug] [2021-03-20T12:08:31.649Z] >>> [apiv2][query] GET https://firebase.googleapis.com/v1beta1/projects pageSize=100
[debug] [2021-03-20T12:08:32.473Z] <<< [apiv2][status] GET https://firebase.googleapis.com/v1beta1/projects 200
[debug] [2021-03-20T12:08:32.474Z] <<< [apiv2][body] GET https://firebase.googleapis.com/v1beta1/projects [omitted]
[info] i  Using project assignment-9-2b49a (assignment-9) 
[info] 
=== Hosting Setup
[info] 
[info] Your public directory is the folder (relative to your project directory) that
[info] will contain Hosting assets to be uploaded with firebase deploy. If you
[info] have a build process for your assets, use your build's output directory.
[info] 
[info] +  Wrote build/404.html 
[debug] [2021-03-20T12:09:25.973Z] >>> [apiv2][query] GET https://www.gstatic.com/firebasejs/releases.json [none]
[debug] [2021-03-20T12:09:26.360Z] <<< [apiv2][status] GET https://www.gstatic.com/firebasejs/releases.json 200
[debug] [2021-03-20T12:09:26.361Z] <<< [apiv2][body] GET https://www.gstatic.com/firebasejs/releases.json {"current":{"version":"8.3.1","browserURL":"https://www.gstatic.com/firebasejs/8.3.1/firebase.js","packageURL":"https://www.gstatic.com/firebasejs/8.3.1/firebase.tgz"},"live":{"version":"8.3","browserURL":"https://www.gstatic.com/firebasejs/live/8.3/firebase.js","packageURL":"https://www.gstatic.com/firebasejs/live/8.3/firebase.tgz"},"components":{"analytics":"https://www.gstatic.com/firebasejs/8.3.1/firebase-analytics.js","app":"https://www.gstatic.com/firebasejs/8.3.1/firebase-app.js","auth":"https://www.gstatic.com/firebasejs/8.3.1/firebase-auth.js","database":"https://www.gstatic.com/firebasejs/8.3.1/firebase-database.js","firestore":"https://www.gstatic.com/firebasejs/8.3.1/firebase-firestore.js","functions":"https://www.gstatic.com/firebasejs/8.3.1/firebase-functions.js","installations":"https://www.gstatic.com/firebasejs/8.3.1/firebase-installations.js","messaging":"https://www.gstatic.com/firebasejs/8.3.1/firebase-messaging.js","storage":"https://www.gstatic.com/firebasejs/8.3.1/firebase-storage.js","performance":"https://www.gstatic.com/firebasejs/8.3.1/firebase-performance.js","remote-config":"https://www.gstatic.com/firebasejs/8.3.1/firebase-remote-config.js","firestore.memory":"https://www.gstatic.com/firebasejs/8.3.1/firebase-firestore.memory.js"}}
[info] +  Wrote build/index.html 
[info] 
[info] i  Detected a .git folder at E:\webdevelopment\projects\assignment-9 
[info] i  Authorizing with GitHub to upload your service account to a GitHub repository's secrets store. 
[info] 
[info] Visit this URL on this device to log in:
[info] https://github.com/login/oauth/authorize?client_id=89cf50f02ac6aaed3484&state=461833307&redirect_uri=http%3A%2F%2Flocalhost%3A9005&scope=read%3Auser%20repo%20public_repo
[info] 
[info] Waiting for authentication...
[debug] [2021-03-20T12:09:39.368Z] >>> HTTP REQUEST POST https://github.com/login/oauth/access_token  
 {"client_id":"89cf50f02ac6aaed3484","client_secret":"3330d14abc895d9a74d5f17cd7a00711fa2c5bf0","code":"aa13fb46a9a790669e64","redirect_uri":"http://localhost:9005","state":"461833307"}
[debug] [2021-03-20T12:09:39.952Z] <<< HTTP RESPONSE 200 {"server":"GitHub.com","date":"Sat, 20 Mar 2021 12:09:39 GMT","content-type":"application/json; charset=utf-8","transfer-encoding":"chunked","vary":"X-PJAX, Accept-Encoding, Accept, X-Requested-With","etag":"W/\"babfa80cadda4997d8cbc2dae2199bd9\"","cache-control":"max-age=0, private, must-revalidate","strict-transport-security":"max-age=31536000; includeSubdomains; preload","x-frame-options":"deny","x-content-type-options":"nosniff","x-xss-protection":"0","referrer-policy":"origin-when-cross-origin, strict-origin-when-cross-origin","expect-ct":"max-age=2592000, report-uri=\"https://api.github.com/_private/browser/errors\"","content-security-policy":"default-src 'none'; base-uri 'self'; block-all-mixed-content; connect-src 'self' uploads.github.com www.githubstatus.com collector.githubapp.com api.github.com github-cloud.s3.amazonaws.com github-production-repository-file-5c1aeb.s3.amazonaws.com github-production-upload-manifest-file-7fdce7.s3.amazonaws.com github-production-user-asset-6210df.s3.amazonaws.com cdn.optimizely.com logx.optimizely.com/v1/events wss://alive.github.com; font-src github.githubassets.com; form-action 'self' github.com gist.github.com; frame-ancestors 'none'; frame-src render.githubusercontent.com; img-src 'self' data: github.githubassets.com identicons.github.com collector.githubapp.com github-cloud.s3.amazonaws.com secured-user-images.githubusercontent.com/ *.githubusercontent.com; manifest-src 'self'; media-src 'none'; script-src github.githubassets.com; style-src 'unsafe-inline' github.githubassets.com; worker-src github.com/socket-worker-6832eced.js gist.github.com/socket-worker-6832eced.js","x-github-request-id":"675C:5E58:23D6018:25CD547:6055E603"}
[debug] [2021-03-20T12:09:39.964Z] >>> [apiv2][query] GET https://api.github.com/user [none]
[debug] [2021-03-20T12:09:40.596Z] <<< [apiv2][status] GET https://api.github.com/user 200
[debug] [2021-03-20T12:09:40.596Z] <<< [apiv2][body] GET https://api.github.com/user {"login":"Zebaanikanibir","id":76878269,"node_id":"MDQ6VXNlcjc2ODc4MjY5","avatar_url":"https://avatars.githubusercontent.com/u/76878269?v=4","gravatar_id":"","url":"https://api.github.com/users/Zebaanikanibir","html_url":"https://github.com/Zebaanikanibir","followers_url":"https://api.github.com/users/Zebaanikanibir/followers","following_url":"https://api.github.com/users/Zebaanikanibir/following{/other_user}","gists_url":"https://api.github.com/users/Zebaanikanibir/gists{/gist_id}","starred_url":"https://api.github.com/users/Zebaanikanibir/starred{/owner}{/repo}","subscriptions_url":"https://api.github.com/users/Zebaanikanibir/subscriptions","organizations_url":"https://api.github.com/users/Zebaanikanibir/orgs","repos_url":"https://api.github.com/users/Zebaanikanibir/repos","events_url":"https://api.github.com/users/Zebaanikanibir/events{/privacy}","received_events_url":"https://api.github.com/users/Zebaanikanibir/received_events","type":"User","site_admin":false,"name":null,"company":null,"blog":"","location":null,"email":null,"hireable":null,"bio":null,"twitter_username":null,"public_repos":21,"public_gists":0,"followers":0,"following":1,"created_at":"2021-01-02T16:32:50Z","updated_at":"2021-03-20T12:09:39Z","private_gists":0,"total_private_repos":0,"owned_private_repos":0,"disk_usage":73008,"collaborators":0,"two_factor_authentication":false,"plan":{"name":"free","space":976562499,"collaborators":0,"private_repos":10000}}
[info] 
[info] +  Success! Logged into GitHub as Zebaanikanibir 
[info] 
[debug] [2021-03-20T12:10:48.908Z] >>> [apiv2][query] GET https://api.github.com/repos/yes/actions/secrets/public-key type=owner
[debug] [2021-03-20T12:10:49.522Z] <<< [apiv2][status] GET https://api.github.com/repos/yes/actions/secrets/public-key 404
[debug] [2021-03-20T12:10:49.522Z] <<< [apiv2][body] GET https://api.github.com/repos/yes/actions/secrets/public-key {"message":"Not Found","documentation_url":"https://docs.github.com/rest"}
[debug] [2021-03-20T12:11:04.696Z] >>> [apiv2][query] GET https://api.github.com/repos//actions/secrets/public-key type=owner
[debug] [2021-03-20T12:11:04.921Z] >>> [apiv2][query] GET https://api.github.com/repos//actions/secrets/public-key type=owner
[debug] [2021-03-20T12:11:05.232Z] <<< [apiv2][status] GET https://api.github.com/repos//actions/secrets/public-key 404
[debug] [2021-03-20T12:11:05.232Z] <<< [apiv2][body] GET https://api.github.com/repos//actions/secrets/public-key {"message":"Not Found","documentation_url":"https://docs.github.com/rest"}
[debug] [2021-03-20T12:11:05.489Z] <<< [apiv2][status] GET https://api.github.com/repos//actions/secrets/public-key 404
[debug] [2021-03-20T12:11:05.490Z] <<< [apiv2][body] GET https://api.github.com/repos//actions/secrets/public-key {"message":"Not Found","documentation_url":"https://docs.github.com/rest"}
[debug] [2021-03-20T12:11:34.146Z] ----------------------------------------------------------------------
[debug] [2021-03-20T12:11:34.153Z] Command:       C:\Program Files\nodejs\node.exe C:\Users\SDG\AppData\Roaming\npm\node_modules\firebase-tools\lib\bin\firebase.js init
[debug] [2021-03-20T12:11:34.153Z] CLI Version:   9.6.1
[debug] [2021-03-20T12:11:34.154Z] Platform:      win32
[debug] [2021-03-20T12:11:34.154Z] Node Version:  v14.16.0
[debug] [2021-03-20T12:11:34.156Z] Time:          Sat Mar 20 2021 05:11:34 GMT-0700 (Pacific Daylight Time)
[debug] [2021-03-20T12:11:34.156Z] ----------------------------------------------------------------------
[debug] [2021-03-20T12:11:34.156Z] 
[debug] [2021-03-20T12:11:34.170Z] > command requires scopes: ["email","openid","https://www.googleapis.com/auth/cloudplatformprojects.readonly","https://www.googleapis.com/auth/firebase","https://www.googleapis.com/auth/cloud-platform"]
[debug] [2021-03-20T12:11:34.171Z] > authorizing via signed-in user
[info] 
     ######## #### ########  ######## ########     ###     ######  ########
     ##        ##  ##     ## ##       ##     ##  ##   ##  ##       ##
     ######    ##  ########  ######   ########  #########  ######  ######
     ##        ##  ##    ##  ##       ##     ## ##     ##       ## ##
     ##       #### ##     ## ######## ########  ##     ##  ######  ########

You're about to initialize a Firebase project in this directory:

  E:\webdevelopment\projects\assignment-9

[info] 
=== Project Setup
[info] 
[info] First, let's associate this project directory with a Firebase project.
[info] You can create multiple project aliases by running firebase use --add, 
[info] but for now we'll just set up a default project.
[info] 
[debug] [2021-03-20T12:11:44.349Z] >>> [apiv2][query] GET https://firebase.googleapis.com/v1beta1/projects pageSize=100
[debug] [2021-03-20T12:11:45.352Z] <<< [apiv2][status] GET https://firebase.googleapis.com/v1beta1/projects 200
[debug] [2021-03-20T12:11:45.353Z] <<< [apiv2][body] GET https://firebase.googleapis.com/v1beta1/projects [omitted]
[info] i  Using project assignment-9-2b49a (assignment-9) 
[info] 
=== Hosting Setup
[info] 
[info] Your public directory is the folder (relative to your project directory) that
[info] will contain Hosting assets to be uploaded with firebase deploy. If you
[info] have a build process for your assets, use your build's output directory.
[info] 
[info] +  Wrote build/404.html 
[debug] [2021-03-20T12:12:09.137Z] >>> [apiv2][query] GET https://www.gstatic.com/firebasejs/releases.json [none]
[debug] [2021-03-20T12:12:09.535Z] <<< [apiv2][status] GET https://www.gstatic.com/firebasejs/releases.json 200
[debug] [2021-03-20T12:12:09.535Z] <<< [apiv2][body] GET https://www.gstatic.com/firebasejs/releases.json {"current":{"version":"8.3.1","browserURL":"https://www.gstatic.com/firebasejs/8.3.1/firebase.js","packageURL":"https://www.gstatic.com/firebasejs/8.3.1/firebase.tgz"},"live":{"version":"8.3","browserURL":"https://www.gstatic.com/firebasejs/live/8.3/firebase.js","packageURL":"https://www.gstatic.com/firebasejs/live/8.3/firebase.tgz"},"components":{"analytics":"https://www.gstatic.com/firebasejs/8.3.1/firebase-analytics.js","app":"https://www.gstatic.com/firebasejs/8.3.1/firebase-app.js","auth":"https://www.gstatic.com/firebasejs/8.3.1/firebase-auth.js","database":"https://www.gstatic.com/firebasejs/8.3.1/firebase-database.js","firestore":"https://www.gstatic.com/firebasejs/8.3.1/firebase-firestore.js","functions":"https://www.gstatic.com/firebasejs/8.3.1/firebase-functions.js","installations":"https://www.gstatic.com/firebasejs/8.3.1/firebase-installations.js","messaging":"https://www.gstatic.com/firebasejs/8.3.1/firebase-messaging.js","storage":"https://www.gstatic.com/firebasejs/8.3.1/firebase-storage.js","performance":"https://www.gstatic.com/firebasejs/8.3.1/firebase-performance.js","remote-config":"https://www.gstatic.com/firebasejs/8.3.1/firebase-remote-config.js","firestore.memory":"https://www.gstatic.com/firebasejs/8.3.1/firebase-firestore.memory.js"}}
[info] +  Wrote build/index.html 
[info] 
[info] i  Detected a .git folder at E:\webdevelopment\projects\assignment-9 
[info] i  Authorizing with GitHub to upload your service account to a GitHub repository's secrets store. 
[info] 
[info] Visit this URL on this device to log in:
[info] https://github.com/login/oauth/authorize?client_id=89cf50f02ac6aaed3484&state=244521395&redirect_uri=http%3A%2F%2Flocalhost%3A9005&scope=read%3Auser%20repo%20public_repo
[info] 
[info] Waiting for authentication...
[debug] [2021-03-20T12:12:20.906Z] >>> HTTP REQUEST POST https://github.com/login/oauth/access_token  
 {"client_id":"89cf50f02ac6aaed3484","client_secret":"3330d14abc895d9a74d5f17cd7a00711fa2c5bf0","code":"e43c8146b1b6319c1938","redirect_uri":"http://localhost:9005","state":"244521395"}
[debug] [2021-03-20T12:12:21.503Z] <<< HTTP RESPONSE 200 {"server":"GitHub.com","date":"Sat, 20 Mar 2021 12:12:21 GMT","content-type":"application/json; charset=utf-8","transfer-encoding":"chunked","vary":"X-PJAX, Accept-Encoding, Accept, X-Requested-With","etag":"W/\"61cf58845cdb8cad28eee9a9a889cd56\"","cache-control":"max-age=0, private, must-revalidate","strict-transport-security":"max-age=31536000; includeSubdomains; preload","x-frame-options":"deny","x-content-type-options":"nosniff","x-xss-protection":"0","referrer-policy":"origin-when-cross-origin, strict-origin-when-cross-origin","expect-ct":"max-age=2592000, report-uri=\"https://api.github.com/_private/browser/errors\"","content-security-policy":"default-src 'none'; base-uri 'self'; block-all-mixed-content; connect-src 'self' uploads.github.com www.githubstatus.com collector.githubapp.com api.github.com github-cloud.s3.amazonaws.com github-production-repository-file-5c1aeb.s3.amazonaws.com github-production-upload-manifest-file-7fdce7.s3.amazonaws.com github-production-user-asset-6210df.s3.amazonaws.com cdn.optimizely.com logx.optimizely.com/v1/events wss://alive.github.com; font-src github.githubassets.com; form-action 'self' github.com gist.github.com; frame-ancestors 'none'; frame-src render.githubusercontent.com; img-src 'self' data: github.githubassets.com identicons.github.com collector.githubapp.com github-cloud.s3.amazonaws.com secured-user-images.githubusercontent.com/ *.githubusercontent.com; manifest-src 'self'; media-src 'none'; script-src github.githubassets.com; style-src 'unsafe-inline' github.githubassets.com; worker-src github.com/socket-worker-6832eced.js gist.github.com/socket-worker-6832eced.js","x-github-request-id":"712B:21B9:2379684:2575FF2:6055E6A5"}
[debug] [2021-03-20T12:12:21.513Z] >>> [apiv2][query] GET https://api.github.com/user [none]
[debug] [2021-03-20T12:12:22.160Z] <<< [apiv2][status] GET https://api.github.com/user 200
[debug] [2021-03-20T12:12:22.160Z] <<< [apiv2][body] GET https://api.github.com/user {"login":"Zebaanikanibir","id":76878269,"node_id":"MDQ6VXNlcjc2ODc4MjY5","avatar_url":"https://avatars.githubusercontent.com/u/76878269?v=4","gravatar_id":"","url":"https://api.github.com/users/Zebaanikanibir","html_url":"https://github.com/Zebaanikanibir","followers_url":"https://api.github.com/users/Zebaanikanibir/followers","following_url":"https://api.github.com/users/Zebaanikanibir/following{/other_user}","gists_url":"https://api.github.com/users/Zebaanikanibir/gists{/gist_id}","starred_url":"https://api.github.com/users/Zebaanikanibir/starred{/owner}{/repo}","subscriptions_url":"https://api.github.com/users/Zebaanikanibir/subscriptions","organizations_url":"https://api.github.com/users/Zebaanikanibir/orgs","repos_url":"https://api.github.com/users/Zebaanikanibir/repos","events_url":"https://api.github.com/users/Zebaanikanibir/events{/privacy}","received_events_url":"https://api.github.com/users/Zebaanikanibir/received_events","type":"User","site_admin":false,"name":null,"company":null,"blog":"","location":null,"email":null,"hireable":null,"bio":null,"twitter_username":null,"public_repos":21,"public_gists":0,"followers":0,"following":1,"created_at":"2021-01-02T16:32:50Z","updated_at":"2021-03-20T12:09:39Z","private_gists":0,"total_private_repos":0,"owned_private_repos":0,"disk_usage":73008,"collaborators":0,"two_factor_authentication":false,"plan":{"name":"free","space":976562499,"collaborators":0,"private_repos":10000}}
[info] 
[info] +  Success! Logged into GitHub as Zebaanikanibir 
[info] 
[debug] [2021-03-20T12:22:33.040Z] >>> [apiv2][query] GET https://api.github.com/repos/Zebaanikanibir/assignment-9/actions/secrets/public-key type=owner
[debug] [2021-03-20T12:22:33.627Z] <<< [apiv2][status] GET https://api.github.com/repos/Zebaanikanibir/assignment-9/actions/secrets/public-key 404
[debug] [2021-03-20T12:22:33.628Z] <<< [apiv2][body] GET https://api.github.com/repos/Zebaanikanibir/assignment-9/actions/secrets/public-key {"message":"Not Found","documentation_url":"https://docs.github.com/rest/reference/actions#get-a-repository-public-key"}
[debug] [2021-03-20T12:23:16.260Z] >>> [apiv2][query] GET https://api.github.com/repos/Zebaanikanibir/react-router-Zebaanikanibir/actions/secrets/public-key type=owner
[debug] [2021-03-20T12:23:16.847Z] <<< [apiv2][status] GET https://api.github.com/repos/Zebaanikanibir/react-router-Zebaanikanibir/actions/secrets/public-key 404
[debug] [2021-03-20T12:23:16.848Z] <<< [apiv2][body] GET https://api.github.com/repos/Zebaanikanibir/react-router-Zebaanikanibir/actions/secrets/public-key {"message":"Not Found","documentation_url":"https://docs.github.com/rest/reference/actions#get-a-repository-public-key"}
